2025-09-08 14:10:21.616 | INFO     | __main__:main:44 - Starting the conversion of .mat files to .csv files.
2025-09-08 14:10:21.618 | INFO     | __main__:main:48 - Source directory set to data/amt_raw.
2025-09-08 14:10:21.619 | INFO     | __main__:main:52 - Dump directory set to data/amt_csv.
2025-09-08 14:10:21.621 | INFO     | __main__:main:61 - 7 file(s) loaded from data/amt_raw
2025-09-08 14:10:21.621 | INFO     | __main__:mat_to_csv:15 - Processing data/amt_raw\clt_dc_1.mat.
2025-09-08 14:10:22.076 | INFO     | __main__:mat_to_csv:23 - CAN1_TCM_TST_MSG_112_70h_tmpCltActTC_t7 extracted from data/amt_raw\clt_dc_1.mat.
2025-09-08 14:10:22.076 | INFO     | __main__:mat_to_csv:23 - CAN2_CGW_C1_TotalVehDist_Cval_DIAG_t0 extracted from data/amt_raw\clt_dc_1.mat.
2025-09-08 14:10:22.076 | INFO     | __main__:mat_to_csv:23 - CAN2_CPC_C12_HiResAccelPdlPosn_Cval_t1 extracted from data/amt_raw\clt_dc_1.mat.
2025-09-08 14:10:22.076 | INFO     | __main__:mat_to_csv:23 - CAN2_MCM_C02_EngSpd_Cval_PT_t6 extracted from data/amt_raw\clt_dc_1.mat.
2025-09-08 14:10:22.092 | INFO     | __main__:mat_to_csv:23 - CAN2_MCM_C02_EngTrq_Cval_PT_t6 extracted from data/amt_raw\clt_dc_1.mat.
2025-09-08 14:10:22.097 | INFO     | __main__:mat_to_csv:23 - CAN2_TCM_C02_Clutch_Cval_PT_t3 extracted from data/amt_raw\clt_dc_1.mat.
2025-09-08 14:10:22.097 | INFO     | __main__:mat_to_csv:23 - CAN2_TCM_C02_Clutch_Stat_TCM_PT_t3 extracted from data/amt_raw\clt_dc_1.mat.
2025-09-08 14:10:22.097 | INFO     | __main__:mat_to_csv:23 - CAN2_TCM_C03_InShaftSpd_Cval_PT_t9 extracted from data/amt_raw\clt_dc_1.mat.
2025-09-08 14:10:22.097 | INFO     | __main__:mat_to_csv:23 - CAN2_TCM_C08_CurrGr_Stat_PT_t4 extracted from data/amt_raw\clt_dc_1.mat.
2025-09-08 14:10:22.097 | INFO     | __main__:mat_to_csv:23 - CAN2_TCM_C10_DispClutchOvl_Rq_PT_t2 extracted from data/amt_raw\clt_dc_1.mat.
2025-09-08 14:10:22.110 | INFO     | __main__:mat_to_csv:23 - Calculated_CltSlip_INT_STG_t5 extracted from data/amt_raw\clt_dc_1.mat.
2025-09-08 14:10:22.116 | INFO     | __main__:mat_to_csv:23 - Calculated_ClutchSlipPower_kJ_t8 extracted from data/amt_raw\clt_dc_1.mat.
2025-09-08 14:10:22.119 | INFO     | __main__:mat_to_csv:23 - t0 extracted from data/amt_raw\clt_dc_1.mat.
2025-09-08 14:10:22.121 | INFO     | __main__:mat_to_csv:23 - t1 extracted from data/amt_raw\clt_dc_1.mat.
2025-09-08 14:10:22.121 | INFO     | __main__:mat_to_csv:23 - t2 extracted from data/amt_raw\clt_dc_1.mat.
2025-09-08 14:10:22.134 | INFO     | __main__:mat_to_csv:23 - t3 extracted from data/amt_raw\clt_dc_1.mat.
2025-09-08 14:10:22.138 | INFO     | __main__:mat_to_csv:23 - t4 extracted from data/amt_raw\clt_dc_1.mat.
2025-09-08 14:10:22.145 | INFO     | __main__:mat_to_csv:23 - t5 extracted from data/amt_raw\clt_dc_1.mat.
2025-09-08 14:10:22.148 | INFO     | __main__:mat_to_csv:23 - t6 extracted from data/amt_raw\clt_dc_1.mat.
2025-09-08 14:10:22.148 | INFO     | __main__:mat_to_csv:23 - t7 extracted from data/amt_raw\clt_dc_1.mat.
2025-09-08 14:10:22.160 | INFO     | __main__:mat_to_csv:23 - t8 extracted from data/amt_raw\clt_dc_1.mat.
2025-09-08 14:10:22.164 | INFO     | __main__:mat_to_csv:23 - t9 extracted from data/amt_raw\clt_dc_1.mat.
2025-09-08 14:10:22.238 | SUCCESS  | __main__:mat_to_csv:41 - File saved to data/amt_csv/clt_dc_1/CAN2_CGW_C1_TotalVehDist_Cval_DIAG_t0.csv
2025-09-08 14:10:22.372 | SUCCESS  | __main__:mat_to_csv:41 - File saved to data/amt_csv/clt_dc_1/CAN2_CPC_C12_HiResAccelPdlPosn_Cval_t1.csv
2025-09-08 14:10:22.404 | SUCCESS  | __main__:mat_to_csv:41 - File saved to data/amt_csv/clt_dc_1/CAN2_TCM_C10_DispClutchOvl_Rq_PT_t2.csv
2025-09-08 14:10:22.532 | SUCCESS  | __main__:mat_to_csv:41 - File saved to data/amt_csv/clt_dc_1/CAN2_TCM_C02_Clutch_Cval_PT_t3.csv
2025-09-08 14:10:22.712 | SUCCESS  | __main__:mat_to_csv:41 - File saved to data/amt_csv/clt_dc_1/CAN2_TCM_C02_Clutch_Stat_TCM_PT_t3.csv
2025-09-08 14:10:22.785 | SUCCESS  | __main__:mat_to_csv:41 - File saved to data/amt_csv/clt_dc_1/CAN2_TCM_C08_CurrGr_Stat_PT_t4.csv
2025-09-08 14:10:22.932 | SUCCESS  | __main__:mat_to_csv:41 - File saved to data/amt_csv/clt_dc_1/Calculated_CltSlip_INT_STG_t5.csv
2025-09-08 14:10:23.082 | SUCCESS  | __main__:mat_to_csv:41 - File saved to data/amt_csv/clt_dc_1/CAN2_MCM_C02_EngSpd_Cval_PT_t6.csv
2025-09-08 14:10:23.315 | SUCCESS  | __main__:mat_to_csv:41 - File saved to data/amt_csv/clt_dc_1/CAN2_MCM_C02_EngTrq_Cval_PT_t6.csv
2025-09-08 14:10:23.317 | SUCCESS  | __main__:mat_to_csv:41 - File saved to data/amt_csv/clt_dc_1/CAN1_TCM_TST_MSG_112_70h_tmpCltActTC_t7.csv
2025-09-08 14:10:23.497 | SUCCESS  | __main__:mat_to_csv:41 - File saved to data/amt_csv/clt_dc_1/Calculated_ClutchSlipPower_kJ_t8.csv
2025-09-08 14:10:23.656 | SUCCESS  | __main__:mat_to_csv:41 - File saved to data/amt_csv/clt_dc_1/CAN2_TCM_C03_InShaftSpd_Cval_PT_t9.csv
2025-09-08 14:10:23.659 | INFO     | __main__:mat_to_csv:15 - Processing data/amt_raw\clt_dc_2.mat.
2025-09-08 14:10:24.091 | INFO     | __main__:mat_to_csv:23 - CAN1_TCM_TST_MSG_112_70h_tmpCltActTC_t7 extracted from data/amt_raw\clt_dc_2.mat.
2025-09-08 14:10:24.091 | INFO     | __main__:mat_to_csv:23 - CAN2_CGW_C1_TotalVehDist_Cval_DIAG_t0 extracted from data/amt_raw\clt_dc_2.mat.
2025-09-08 14:10:24.098 | INFO     | __main__:mat_to_csv:23 - CAN2_CPC_C12_HiResAccelPdlPosn_Cval_t1 extracted from data/amt_raw\clt_dc_2.mat.
2025-09-08 14:10:24.101 | INFO     | __main__:mat_to_csv:23 - CAN2_MCM_C02_EngSpd_Cval_PT_t6 extracted from data/amt_raw\clt_dc_2.mat.
2025-09-08 14:10:24.106 | INFO     | __main__:mat_to_csv:23 - CAN2_MCM_C02_EngTrq_Cval_PT_t6 extracted from data/amt_raw\clt_dc_2.mat.
2025-09-08 14:10:24.110 | INFO     | __main__:mat_to_csv:23 - CAN2_TCM_C02_Clutch_Cval_PT_t3 extracted from data/amt_raw\clt_dc_2.mat.
2025-09-08 14:10:24.113 | INFO     | __main__:mat_to_csv:23 - CAN2_TCM_C02_Clutch_Stat_TCM_PT_t3 extracted from data/amt_raw\clt_dc_2.mat.
2025-09-08 14:10:24.118 | INFO     | __main__:mat_to_csv:23 - CAN2_TCM_C03_InShaftSpd_Cval_PT_t9 extracted from data/amt_raw\clt_dc_2.mat.
2025-09-08 14:10:24.121 | INFO     | __main__:mat_to_csv:23 - CAN2_TCM_C08_CurrGr_Stat_PT_t4 extracted from data/amt_raw\clt_dc_2.mat.
2025-09-08 14:10:24.123 | INFO     | __main__:mat_to_csv:23 - CAN2_TCM_C10_DispClutchOvl_Rq_PT_t2 extracted from data/amt_raw\clt_dc_2.mat.
2025-09-08 14:10:24.124 | INFO     | __main__:mat_to_csv:23 - Calculated_CltSlip_INT_STG_t5 extracted from data/amt_raw\clt_dc_2.mat.
2025-09-08 14:10:24.130 | INFO     | __main__:mat_to_csv:23 - Calculated_ClutchSlipPower_kJ_t8 extracted from data/amt_raw\clt_dc_2.mat.
2025-09-08 14:10:24.133 | INFO     | __main__:mat_to_csv:23 - t0 extracted from data/amt_raw\clt_dc_2.mat.
2025-09-08 14:10:24.137 | INFO     | __main__:mat_to_csv:23 - t1 extracted from data/amt_raw\clt_dc_2.mat.
2025-09-08 14:10:24.140 | INFO     | __main__:mat_to_csv:23 - t2 extracted from data/amt_raw\clt_dc_2.mat.
2025-09-08 14:10:24.145 | INFO     | __main__:mat_to_csv:23 - t3 extracted from data/amt_raw\clt_dc_2.mat.
2025-09-08 14:10:24.149 | INFO     | __main__:mat_to_csv:23 - t4 extracted from data/amt_raw\clt_dc_2.mat.
2025-09-08 14:10:24.155 | INFO     | __main__:mat_to_csv:23 - t5 extracted from data/amt_raw\clt_dc_2.mat.
2025-09-08 14:10:24.159 | INFO     | __main__:mat_to_csv:23 - t6 extracted from data/amt_raw\clt_dc_2.mat.
2025-09-08 14:10:24.160 | INFO     | __main__:mat_to_csv:23 - t7 extracted from data/amt_raw\clt_dc_2.mat.
2025-09-08 14:10:24.167 | INFO     | __main__:mat_to_csv:23 - t8 extracted from data/amt_raw\clt_dc_2.mat.
2025-09-08 14:10:24.172 | INFO     | __main__:mat_to_csv:23 - t9 extracted from data/amt_raw\clt_dc_2.mat.
2025-09-08 14:10:24.180 | SUCCESS  | __main__:mat_to_csv:41 - File saved to data/amt_csv/clt_dc_2/CAN2_CGW_C1_TotalVehDist_Cval_DIAG_t0.csv
2025-09-08 14:10:24.270 | SUCCESS  | __main__:mat_to_csv:41 - File saved to data/amt_csv/clt_dc_2/CAN2_CPC_C12_HiResAccelPdlPosn_Cval_t1.csv
2025-09-08 14:10:24.303 | SUCCESS  | __main__:mat_to_csv:41 - File saved to data/amt_csv/clt_dc_2/CAN2_TCM_C10_DispClutchOvl_Rq_PT_t2.csv
2025-09-08 14:10:24.403 | SUCCESS  | __main__:mat_to_csv:41 - File saved to data/amt_csv/clt_dc_2/CAN2_TCM_C02_Clutch_Cval_PT_t3.csv
2025-09-08 14:10:24.532 | SUCCESS  | __main__:mat_to_csv:41 - File saved to data/amt_csv/clt_dc_2/CAN2_TCM_C02_Clutch_Stat_TCM_PT_t3.csv
2025-09-08 14:10:24.599 | SUCCESS  | __main__:mat_to_csv:41 - File saved to data/amt_csv/clt_dc_2/CAN2_TCM_C08_CurrGr_Stat_PT_t4.csv
2025-09-08 14:10:24.700 | SUCCESS  | __main__:mat_to_csv:41 - File saved to data/amt_csv/clt_dc_2/Calculated_CltSlip_INT_STG_t5.csv
2025-09-08 14:10:24.806 | SUCCESS  | __main__:mat_to_csv:41 - File saved to data/amt_csv/clt_dc_2/CAN2_MCM_C02_EngSpd_Cval_PT_t6.csv
2025-09-08 14:10:25.007 | SUCCESS  | __main__:mat_to_csv:41 - File saved to data/amt_csv/clt_dc_2/CAN2_MCM_C02_EngTrq_Cval_PT_t6.csv
2025-09-08 14:10:25.013 | SUCCESS  | __main__:mat_to_csv:41 - File saved to data/amt_csv/clt_dc_2/CAN1_TCM_TST_MSG_112_70h_tmpCltActTC_t7.csv
2025-09-08 14:10:25.260 | SUCCESS  | __main__:mat_to_csv:41 - File saved to data/amt_csv/clt_dc_2/Calculated_ClutchSlipPower_kJ_t8.csv
2025-09-08 14:10:25.370 | SUCCESS  | __main__:mat_to_csv:41 - File saved to data/amt_csv/clt_dc_2/CAN2_TCM_C03_InShaftSpd_Cval_PT_t9.csv
2025-09-08 14:10:25.372 | INFO     | __main__:mat_to_csv:15 - Processing data/amt_raw\clt_dc_3.mat.
2025-09-08 14:10:26.010 | INFO     | __main__:mat_to_csv:23 - CAN1_TCM_TST_MSG_112_70h_tmpCltActTC_t7 extracted from data/amt_raw\clt_dc_3.mat.
2025-09-08 14:10:26.010 | INFO     | __main__:mat_to_csv:23 - CAN2_CGW_C1_TotalVehDist_Cval_DIAG_t0 extracted from data/amt_raw\clt_dc_3.mat.
2025-09-08 14:10:26.010 | INFO     | __main__:mat_to_csv:23 - CAN2_CPC_C12_HiResAccelPdlPosn_Cval_t1 extracted from data/amt_raw\clt_dc_3.mat.
2025-09-08 14:10:26.025 | INFO     | __main__:mat_to_csv:23 - CAN2_MCM_C02_EngSpd_Cval_PT_t6 extracted from data/amt_raw\clt_dc_3.mat.
2025-09-08 14:10:26.031 | INFO     | __main__:mat_to_csv:23 - CAN2_MCM_C02_EngTrq_Cval_PT_t6 extracted from data/amt_raw\clt_dc_3.mat.
2025-09-08 14:10:26.035 | INFO     | __main__:mat_to_csv:23 - CAN2_TCM_C02_Clutch_Cval_PT_t3 extracted from data/amt_raw\clt_dc_3.mat.
2025-09-08 14:10:26.037 | INFO     | __main__:mat_to_csv:23 - CAN2_TCM_C02_Clutch_Stat_TCM_PT_t3 extracted from data/amt_raw\clt_dc_3.mat.
2025-09-08 14:10:26.043 | INFO     | __main__:mat_to_csv:23 - CAN2_TCM_C03_InShaftSpd_Cval_PT_t9 extracted from data/amt_raw\clt_dc_3.mat.
2025-09-08 14:10:26.046 | INFO     | __main__:mat_to_csv:23 - CAN2_TCM_C08_CurrGr_Stat_PT_t4 extracted from data/amt_raw\clt_dc_3.mat.
2025-09-08 14:10:26.049 | INFO     | __main__:mat_to_csv:23 - CAN2_TCM_C10_DispClutchOvl_Rq_PT_t2 extracted from data/amt_raw\clt_dc_3.mat.
2025-09-08 14:10:26.055 | INFO     | __main__:mat_to_csv:23 - Calculated_CltSlip_INT_STG_t5 extracted from data/amt_raw\clt_dc_3.mat.
2025-09-08 14:10:26.058 | INFO     | __main__:mat_to_csv:23 - Calculated_ClutchSlipPower_kJ_t8 extracted from data/amt_raw\clt_dc_3.mat.
2025-09-08 14:10:26.065 | INFO     | __main__:mat_to_csv:23 - t0 extracted from data/amt_raw\clt_dc_3.mat.
2025-09-08 14:10:26.071 | INFO     | __main__:mat_to_csv:23 - t1 extracted from data/amt_raw\clt_dc_3.mat.
2025-09-08 14:10:26.074 | INFO     | __main__:mat_to_csv:23 - t2 extracted from data/amt_raw\clt_dc_3.mat.
2025-09-08 14:10:26.082 | INFO     | __main__:mat_to_csv:23 - t3 extracted from data/amt_raw\clt_dc_3.mat.
2025-09-08 14:10:26.086 | INFO     | __main__:mat_to_csv:23 - t4 extracted from data/amt_raw\clt_dc_3.mat.
2025-09-08 14:10:26.092 | INFO     | __main__:mat_to_csv:23 - t5 extracted from data/amt_raw\clt_dc_3.mat.
2025-09-08 14:10:26.100 | INFO     | __main__:mat_to_csv:23 - t6 extracted from data/amt_raw\clt_dc_3.mat.
2025-09-08 14:10:26.102 | INFO     | __main__:mat_to_csv:23 - t7 extracted from data/amt_raw\clt_dc_3.mat.
2025-09-08 14:10:26.102 | INFO     | __main__:mat_to_csv:23 - t8 extracted from data/amt_raw\clt_dc_3.mat.
2025-09-08 14:10:26.118 | INFO     | __main__:mat_to_csv:23 - t9 extracted from data/amt_raw\clt_dc_3.mat.
2025-09-08 14:10:26.123 | SUCCESS  | __main__:mat_to_csv:41 - File saved to data/amt_csv/clt_dc_3/CAN2_CGW_C1_TotalVehDist_Cval_DIAG_t0.csv
2025-09-08 14:10:26.284 | SUCCESS  | __main__:mat_to_csv:41 - File saved to data/amt_csv/clt_dc_3/CAN2_CPC_C12_HiResAccelPdlPosn_Cval_t1.csv
2025-09-08 14:10:26.315 | SUCCESS  | __main__:mat_to_csv:41 - File saved to data/amt_csv/clt_dc_3/CAN2_TCM_C10_DispClutchOvl_Rq_PT_t2.csv
2025-09-08 14:10:26.499 | SUCCESS  | __main__:mat_to_csv:41 - File saved to data/amt_csv/clt_dc_3/CAN2_TCM_C02_Clutch_Cval_PT_t3.csv
2025-09-08 14:10:26.730 | SUCCESS  | __main__:mat_to_csv:41 - File saved to data/amt_csv/clt_dc_3/CAN2_TCM_C02_Clutch_Stat_TCM_PT_t3.csv
2025-09-08 14:10:26.813 | SUCCESS  | __main__:mat_to_csv:41 - File saved to data/amt_csv/clt_dc_3/CAN2_TCM_C08_CurrGr_Stat_PT_t4.csv
2025-09-08 14:10:27.001 | SUCCESS  | __main__:mat_to_csv:41 - File saved to data/amt_csv/clt_dc_3/Calculated_CltSlip_INT_STG_t5.csv
2025-09-08 14:10:27.192 | SUCCESS  | __main__:mat_to_csv:41 - File saved to data/amt_csv/clt_dc_3/CAN2_MCM_C02_EngSpd_Cval_PT_t6.csv
2025-09-08 14:10:27.490 | SUCCESS  | __main__:mat_to_csv:41 - File saved to data/amt_csv/clt_dc_3/CAN2_MCM_C02_EngTrq_Cval_PT_t6.csv
2025-09-08 14:10:27.497 | SUCCESS  | __main__:mat_to_csv:41 - File saved to data/amt_csv/clt_dc_3/CAN1_TCM_TST_MSG_112_70h_tmpCltActTC_t7.csv
2025-09-08 14:10:27.751 | SUCCESS  | __main__:mat_to_csv:41 - File saved to data/amt_csv/clt_dc_3/Calculated_ClutchSlipPower_kJ_t8.csv
2025-09-08 14:10:27.933 | SUCCESS  | __main__:mat_to_csv:41 - File saved to data/amt_csv/clt_dc_3/CAN2_TCM_C03_InShaftSpd_Cval_PT_t9.csv
2025-09-08 14:10:27.936 | INFO     | __main__:mat_to_csv:15 - Processing data/amt_raw\Clt_Launches_G90.mat.
2025-09-08 14:10:28.529 | INFO     | __main__:mat_to_csv:23 - CAN1_TCM_TST_MSG_101_65h_nGbOutD3Sns_t1 extracted from data/amt_raw\Clt_Launches_G90.mat.
2025-09-08 14:10:28.529 | INFO     | __main__:mat_to_csv:23 - CAN1_TCM_TST_MSG_112_70h_tmpCltActTC_t9 extracted from data/amt_raw\Clt_Launches_G90.mat.
2025-09-08 14:10:28.529 | INFO     | __main__:mat_to_csv:23 - CAN2_CPC_C10_VehSpd_Cval_PT_t8 extracted from data/amt_raw\Clt_Launches_G90.mat.
2025-09-08 14:10:28.529 | INFO     | __main__:mat_to_csv:23 - CAN2_CPC_C12_HiResAccelPdlPosn_Cval_t7 extracted from data/amt_raw\Clt_Launches_G90.mat.
2025-09-08 14:10:28.543 | INFO     | __main__:mat_to_csv:23 - CAN2_HRW_BS_SpdFtAxleLtWhl_Cval_t0 extracted from data/amt_raw\Clt_Launches_G90.mat.
2025-09-08 14:10:28.547 | INFO     | __main__:mat_to_csv:23 - CAN2_HRW_BS_SpdFtAxleRtWhl_Cval_t0 extracted from data/amt_raw\Clt_Launches_G90.mat.
2025-09-08 14:10:28.551 | INFO     | __main__:mat_to_csv:23 - CAN2_HRW_BS_SpdR_AxleLtWhl_Cval_t0 extracted from data/amt_raw\Clt_Launches_G90.mat.
2025-09-08 14:10:28.555 | INFO     | __main__:mat_to_csv:23 - CAN2_HRW_BS_SpdR_AxleRtWhl_Cval_t0 extracted from data/amt_raw\Clt_Launches_G90.mat.
2025-09-08 14:10:28.556 | INFO     | __main__:mat_to_csv:23 - CAN2_MCM_C02_EngSpd_Cval_PT_t6 extracted from data/amt_raw\Clt_Launches_G90.mat.
2025-09-08 14:10:28.563 | INFO     | __main__:mat_to_csv:23 - CAN2_MCM_C02_EngTrq_Cval_PT_t6 extracted from data/amt_raw\Clt_Launches_G90.mat.
2025-09-08 14:10:28.563 | INFO     | __main__:mat_to_csv:23 - CAN2_TCM_C02_Clutch_Cval_PT_t3 extracted from data/amt_raw\Clt_Launches_G90.mat.
2025-09-08 14:10:28.572 | INFO     | __main__:mat_to_csv:23 - CAN2_TCM_C03_InShaftSpd_Cval_PT_t5 extracted from data/amt_raw\Clt_Launches_G90.mat.
2025-09-08 14:10:28.574 | INFO     | __main__:mat_to_csv:23 - CAN2_TCM_C08_CurrGr_Stat_PT_t4 extracted from data/amt_raw\Clt_Launches_G90.mat.
2025-09-08 14:10:28.577 | INFO     | __main__:mat_to_csv:23 - CAN2_TCM_C11_GrShift_Stat_PT_t2 extracted from data/amt_raw\Clt_Launches_G90.mat.
2025-09-08 14:10:28.580 | INFO     | __main__:mat_to_csv:23 - t0 extracted from data/amt_raw\Clt_Launches_G90.mat.
2025-09-08 14:10:28.593 | INFO     | __main__:mat_to_csv:23 - t1 extracted from data/amt_raw\Clt_Launches_G90.mat.
2025-09-08 14:10:28.596 | INFO     | __main__:mat_to_csv:23 - t2 extracted from data/amt_raw\Clt_Launches_G90.mat.
2025-09-08 14:10:28.608 | INFO     | __main__:mat_to_csv:23 - t3 extracted from data/amt_raw\Clt_Launches_G90.mat.
2025-09-08 14:10:28.611 | INFO     | __main__:mat_to_csv:23 - t4 extracted from data/amt_raw\Clt_Launches_G90.mat.
2025-09-08 14:10:28.613 | INFO     | __main__:mat_to_csv:23 - t5 extracted from data/amt_raw\Clt_Launches_G90.mat.
2025-09-08 14:10:28.623 | INFO     | __main__:mat_to_csv:23 - t6 extracted from data/amt_raw\Clt_Launches_G90.mat.
2025-09-08 14:10:28.629 | INFO     | __main__:mat_to_csv:23 - t7 extracted from data/amt_raw\Clt_Launches_G90.mat.
2025-09-08 14:10:28.630 | INFO     | __main__:mat_to_csv:23 - t8 extracted from data/amt_raw\Clt_Launches_G90.mat.
2025-09-08 14:10:28.637 | INFO     | __main__:mat_to_csv:23 - t9 extracted from data/amt_raw\Clt_Launches_G90.mat.
2025-09-08 14:10:28.756 | SUCCESS  | __main__:mat_to_csv:41 - File saved to data/amt_csv/Clt_Launches_G90/CAN2_HRW_BS_SpdFtAxleLtWhl_Cval_t0.csv
2025-09-08 14:10:28.921 | SUCCESS  | __main__:mat_to_csv:41 - File saved to data/amt_csv/Clt_Launches_G90/CAN2_HRW_BS_SpdFtAxleRtWhl_Cval_t0.csv
2025-09-08 14:10:29.186 | SUCCESS  | __main__:mat_to_csv:41 - File saved to data/amt_csv/Clt_Launches_G90/CAN2_HRW_BS_SpdR_AxleLtWhl_Cval_t0.csv
2025-09-08 14:10:29.464 | SUCCESS  | __main__:mat_to_csv:41 - File saved to data/amt_csv/Clt_Launches_G90/CAN2_HRW_BS_SpdR_AxleRtWhl_Cval_t0.csv
2025-09-08 14:10:29.730 | SUCCESS  | __main__:mat_to_csv:41 - File saved to data/amt_csv/Clt_Launches_G90/CAN1_TCM_TST_MSG_101_65h_nGbOutD3Sns_t1.csv
2025-09-08 14:10:29.901 | SUCCESS  | __main__:mat_to_csv:41 - File saved to data/amt_csv/Clt_Launches_G90/CAN2_TCM_C11_GrShift_Stat_PT_t2.csv
2025-09-08 14:10:30.021 | SUCCESS  | __main__:mat_to_csv:41 - File saved to data/amt_csv/Clt_Launches_G90/CAN2_TCM_C02_Clutch_Cval_PT_t3.csv
2025-09-08 14:10:30.080 | SUCCESS  | __main__:mat_to_csv:41 - File saved to data/amt_csv/Clt_Launches_G90/CAN2_TCM_C08_CurrGr_Stat_PT_t4.csv
2025-09-08 14:10:30.204 | SUCCESS  | __main__:mat_to_csv:41 - File saved to data/amt_csv/Clt_Launches_G90/CAN2_TCM_C03_InShaftSpd_Cval_PT_t5.csv
2025-09-08 14:10:30.331 | SUCCESS  | __main__:mat_to_csv:41 - File saved to data/amt_csv/Clt_Launches_G90/CAN2_MCM_C02_EngSpd_Cval_PT_t6.csv
2025-09-08 14:10:30.529 | SUCCESS  | __main__:mat_to_csv:41 - File saved to data/amt_csv/Clt_Launches_G90/CAN2_MCM_C02_EngTrq_Cval_PT_t6.csv
2025-09-08 14:10:30.644 | SUCCESS  | __main__:mat_to_csv:41 - File saved to data/amt_csv/Clt_Launches_G90/CAN2_CPC_C12_HiResAccelPdlPosn_Cval_t7.csv
2025-09-08 14:10:30.668 | SUCCESS  | __main__:mat_to_csv:41 - File saved to data/amt_csv/Clt_Launches_G90/CAN2_CPC_C10_VehSpd_Cval_PT_t8.csv
2025-09-08 14:10:30.680 | SUCCESS  | __main__:mat_to_csv:41 - File saved to data/amt_csv/Clt_Launches_G90/CAN1_TCM_TST_MSG_112_70h_tmpCltActTC_t9.csv
2025-09-08 14:10:30.682 | INFO     | __main__:mat_to_csv:15 - Processing data/amt_raw\Launches only_clt_Hosur_Thoppur.mat.
2025-09-08 14:10:30.719 | INFO     | __main__:mat_to_csv:23 - CAN2_CPC_C10_VehSpd_Cval_PT_t0 extracted from data/amt_raw\Launches only_clt_Hosur_Thoppur.mat.
2025-09-08 14:10:30.722 | INFO     | __main__:mat_to_csv:23 - t0 extracted from data/amt_raw\Launches only_clt_Hosur_Thoppur.mat.
2025-09-08 14:10:30.748 | SUCCESS  | __main__:mat_to_csv:41 - File saved to data/amt_csv/Launches only_clt_Hosur_Thoppur/CAN2_CPC_C10_VehSpd_Cval_PT_t0.csv
2025-09-08 14:10:30.748 | INFO     | __main__:mat_to_csv:15 - Processing data/amt_raw\OnRoad_Trials_Hosur_G90.mat.
2025-09-08 14:10:31.356 | INFO     | __main__:mat_to_csv:23 - CAN1_TCM_TST_MSG_112_70h_tmpCltActTC_t4 extracted from data/amt_raw\OnRoad_Trials_Hosur_G90.mat.
2025-09-08 14:10:31.356 | INFO     | __main__:mat_to_csv:23 - CAN1_TCM_TST_MSG_120_78h_sCltAct_t5 extracted from data/amt_raw\OnRoad_Trials_Hosur_G90.mat.
2025-09-08 14:10:31.371 | INFO     | __main__:mat_to_csv:23 - CAN2_CPC_C10_VehSpd_Cval_PT_t0 extracted from data/amt_raw\OnRoad_Trials_Hosur_G90.mat.
2025-09-08 14:10:31.375 | INFO     | __main__:mat_to_csv:23 - CAN2_CPC_C12_HiResAccelPdlPosn_Cval_t3 extracted from data/amt_raw\OnRoad_Trials_Hosur_G90.mat.
2025-09-08 14:10:31.383 | INFO     | __main__:mat_to_csv:23 - CAN2_MCM_C02_EngSpd_Cval_PT_t7 extracted from data/amt_raw\OnRoad_Trials_Hosur_G90.mat.
2025-09-08 14:10:31.389 | INFO     | __main__:mat_to_csv:23 - CAN2_MCM_C02_EngTrq_Cval_PT_t7 extracted from data/amt_raw\OnRoad_Trials_Hosur_G90.mat.
2025-09-08 14:10:31.396 | INFO     | __main__:mat_to_csv:23 - CAN2_TCM_C03_InShaftSpd_Cval_PT_t6 extracted from data/amt_raw\OnRoad_Trials_Hosur_G90.mat.
2025-09-08 14:10:31.398 | INFO     | __main__:mat_to_csv:23 - CAN2_TCM_C08_CurrGr_Stat_PT_t2 extracted from data/amt_raw\OnRoad_Trials_Hosur_G90.mat.
2025-09-08 14:10:31.403 | INFO     | __main__:mat_to_csv:23 - CAN2_TCM_C11_GrShift_Stat_PT_t1 extracted from data/amt_raw\OnRoad_Trials_Hosur_G90.mat.
2025-09-08 14:10:31.407 | INFO     | __main__:mat_to_csv:23 - t0 extracted from data/amt_raw\OnRoad_Trials_Hosur_G90.mat.
2025-09-08 14:10:31.415 | INFO     | __main__:mat_to_csv:23 - t1 extracted from data/amt_raw\OnRoad_Trials_Hosur_G90.mat.
2025-09-08 14:10:31.420 | INFO     | __main__:mat_to_csv:23 - t2 extracted from data/amt_raw\OnRoad_Trials_Hosur_G90.mat.
2025-09-08 14:10:31.429 | INFO     | __main__:mat_to_csv:23 - t3 extracted from data/amt_raw\OnRoad_Trials_Hosur_G90.mat.
2025-09-08 14:10:31.431 | INFO     | __main__:mat_to_csv:23 - t4 extracted from data/amt_raw\OnRoad_Trials_Hosur_G90.mat.
2025-09-08 14:10:31.439 | INFO     | __main__:mat_to_csv:23 - t5 extracted from data/amt_raw\OnRoad_Trials_Hosur_G90.mat.
2025-09-08 14:10:31.453 | INFO     | __main__:mat_to_csv:23 - t6 extracted from data/amt_raw\OnRoad_Trials_Hosur_G90.mat.
2025-09-08 14:10:31.464 | INFO     | __main__:mat_to_csv:23 - t7 extracted from data/amt_raw\OnRoad_Trials_Hosur_G90.mat.
2025-09-08 14:10:31.507 | SUCCESS  | __main__:mat_to_csv:41 - File saved to data/amt_csv/OnRoad_Trials_Hosur_G90/CAN2_CPC_C10_VehSpd_Cval_PT_t0.csv
2025-09-08 14:10:31.694 | SUCCESS  | __main__:mat_to_csv:41 - File saved to data/amt_csv/OnRoad_Trials_Hosur_G90/CAN2_TCM_C11_GrShift_Stat_PT_t1.csv
2025-09-08 14:10:31.798 | SUCCESS  | __main__:mat_to_csv:41 - File saved to data/amt_csv/OnRoad_Trials_Hosur_G90/CAN2_TCM_C08_CurrGr_Stat_PT_t2.csv
2025-09-08 14:10:32.013 | SUCCESS  | __main__:mat_to_csv:41 - File saved to data/amt_csv/OnRoad_Trials_Hosur_G90/CAN2_CPC_C12_HiResAccelPdlPosn_Cval_t3.csv
2025-09-08 14:10:32.019 | SUCCESS  | __main__:mat_to_csv:41 - File saved to data/amt_csv/OnRoad_Trials_Hosur_G90/CAN1_TCM_TST_MSG_112_70h_tmpCltActTC_t4.csv
2025-09-08 14:10:32.487 | SUCCESS  | __main__:mat_to_csv:41 - File saved to data/amt_csv/OnRoad_Trials_Hosur_G90/CAN1_TCM_TST_MSG_120_78h_sCltAct_t5.csv
2025-09-08 14:10:32.744 | SUCCESS  | __main__:mat_to_csv:41 - File saved to data/amt_csv/OnRoad_Trials_Hosur_G90/CAN2_TCM_C03_InShaftSpd_Cval_PT_t6.csv
2025-09-08 14:10:32.978 | SUCCESS  | __main__:mat_to_csv:41 - File saved to data/amt_csv/OnRoad_Trials_Hosur_G90/CAN2_MCM_C02_EngSpd_Cval_PT_t7.csv
2025-09-08 14:10:33.312 | SUCCESS  | __main__:mat_to_csv:41 - File saved to data/amt_csv/OnRoad_Trials_Hosur_G90/CAN2_MCM_C02_EngTrq_Cval_PT_t7.csv
2025-09-08 14:10:33.328 | INFO     | __main__:mat_to_csv:15 - Processing data/amt_raw\PwrModeData.mat.
2025-09-08 14:10:33.350 | INFO     | __main__:mat_to_csv:23 - CAN2_CPC_C10_VehSpd_Cval_PT_t0 extracted from data/amt_raw\PwrModeData.mat.
2025-09-08 14:10:33.359 | INFO     | __main__:mat_to_csv:23 - t0 extracted from data/amt_raw\PwrModeData.mat.
2025-09-08 14:10:33.385 | SUCCESS  | __main__:mat_to_csv:41 - File saved to data/amt_csv/PwrModeData/CAN2_CPC_C10_VehSpd_Cval_PT_t0.csv
2025-09-08 14:10:33.394 | SUCCESS  | __main__:<module>:78 - All files converted successfully.
