2025-09-08 14:20:17.542 | INFO     | __main__:main:62 - Identifying Clutch Engagement/Disengagement Events...
2025-09-08 14:20:17.542 | INFO     | __main__:main:64 - Source directory set to data/amt_processed.
2025-09-08 14:20:17.542 | INFO     | __main__:main:69 - Dump directory set to data/amt_train_test.
2025-09-08 14:20:17.542 | INFO     | __main__:main:77 - 7 file(s) loaded from data/amt_processed
2025-09-08 14:20:17.542 | INFO     | __main__:main:80 - Test file selected: g90amt_clt_dc_1_processed.csv
2025-09-08 14:20:17.542 | INFO     | __main__:main:82 - Training files selected: ['g90amt_clt_dc_2_processed.csv', 'g90amt_clt_dc_3_processed.csv', 'g90amt_Clt_Launches_G90_processed.csv', 'g90amt_Launches only_clt_Hosur_Thoppur_processed.csv', 'g90amt_OnRoad_Trials_Hosur_G90_processed.csv', 'g90amt_PwrModeData_processed.csv']
2025-09-08 14:20:17.745 | INFO     | __main__:find_curves:28 - Loaded g90amt_clt_dc_2_processed.csv
2025-09-08 14:20:17.780 | SUCCESS  | __main__:find_curves:57 - Identified 144 engagement events in g90amt_clt_dc_2_processed.csv.
2025-09-08 14:20:17.997 | INFO     | __main__:find_curves:28 - Loaded g90amt_clt_dc_3_processed.csv
2025-09-08 14:20:18.011 | SUCCESS  | __main__:find_curves:57 - Identified 126 engagement events in g90amt_clt_dc_3_processed.csv.
2025-09-08 14:20:18.195 | INFO     | __main__:find_curves:28 - Loaded g90amt_Clt_Launches_G90_processed.csv
2025-09-08 14:20:18.195 | SUCCESS  | __main__:find_curves:57 - Identified 67 engagement events in g90amt_Clt_Launches_G90_processed.csv.
2025-09-08 14:20:18.247 | INFO     | __main__:find_curves:28 - Loaded g90amt_Launches only_clt_Hosur_Thoppur_processed.csv
2025-09-08 14:20:18.249 | WARNING  | __main__:find_curves:31 - File g90amt_Launches only_clt_Hosur_Thoppur_processed.csv has insufficient columns. Skipping.
2025-09-08 14:20:18.483 | INFO     | __main__:find_curves:28 - Loaded g90amt_OnRoad_Trials_Hosur_G90_processed.csv
2025-09-08 14:22:00.617 | INFO     | __main__:main:62 - Identifying Clutch Engagement/Disengagement Events...
2025-09-08 14:22:00.617 | INFO     | __main__:main:64 - Source directory set to data/amt_processed.
2025-09-08 14:22:00.617 | INFO     | __main__:main:69 - Dump directory set to data/amt_train_test.
2025-09-08 14:22:00.617 | INFO     | __main__:main:77 - 7 file(s) loaded from data/amt_processed
2025-09-08 14:22:00.617 | INFO     | __main__:main:80 - Test file selected: g90amt_clt_dc_1_processed.csv
2025-09-08 14:22:00.617 | INFO     | __main__:main:82 - Training files selected: ['g90amt_clt_dc_2_processed.csv', 'g90amt_clt_dc_3_processed.csv', 'g90amt_Clt_Launches_G90_processed.csv', 'g90amt_Launches only_clt_Hosur_Thoppur_processed.csv', 'g90amt_OnRoad_Trials_Hosur_G90_processed.csv', 'g90amt_PwrModeData_processed.csv']
2025-09-08 14:22:00.760 | INFO     | __main__:find_curves:28 - Loaded g90amt_clt_dc_2_processed.csv
2025-09-08 14:22:00.788 | SUCCESS  | __main__:find_curves:57 - Identified 144 engagement events in g90amt_clt_dc_2_processed.csv.
2025-09-08 14:22:00.955 | INFO     | __main__:find_curves:28 - Loaded g90amt_clt_dc_3_processed.csv
2025-09-08 14:22:00.991 | SUCCESS  | __main__:find_curves:57 - Identified 126 engagement events in g90amt_clt_dc_3_processed.csv.
2025-09-08 14:22:01.124 | INFO     | __main__:find_curves:28 - Loaded g90amt_Clt_Launches_G90_processed.csv
2025-09-08 14:22:01.139 | SUCCESS  | __main__:find_curves:57 - Identified 67 engagement events in g90amt_Clt_Launches_G90_processed.csv.
2025-09-08 14:22:01.157 | INFO     | __main__:find_curves:28 - Loaded g90amt_Launches only_clt_Hosur_Thoppur_processed.csv
2025-09-08 14:22:01.157 | WARNING  | __main__:find_curves:31 - File g90amt_Launches only_clt_Hosur_Thoppur_processed.csv does not have Clutch Engagement Data. Skipping.
2025-09-08 14:22:01.344 | INFO     | __main__:find_curves:28 - Loaded g90amt_OnRoad_Trials_Hosur_G90_processed.csv
2025-09-08 14:22:01.344 | WARNING  | __main__:find_curves:31 - File g90amt_OnRoad_Trials_Hosur_G90_processed.csv does not have Clutch Engagement Data. Skipping.
2025-09-08 14:22:01.372 | INFO     | __main__:find_curves:28 - Loaded g90amt_PwrModeData_processed.csv
2025-09-08 14:22:01.372 | WARNING  | __main__:find_curves:31 - File g90amt_PwrModeData_processed.csv does not have Clutch Engagement Data. Skipping.
2025-09-08 14:22:01.393 | ERROR    | __main__:find_curves:24 - File not found: g
2025-09-08 14:22:01.394 | ERROR    | __main__:find_curves:24 - File not found: 9
2025-09-08 14:22:01.394 | ERROR    | __main__:find_curves:24 - File not found: 0
2025-09-08 14:22:01.394 | ERROR    | __main__:find_curves:24 - File not found: a
2025-09-08 14:22:01.394 | ERROR    | __main__:find_curves:24 - File not found: m
2025-09-08 14:22:01.394 | ERROR    | __main__:find_curves:24 - File not found: t
2025-09-08 14:22:01.394 | ERROR    | __main__:find_curves:24 - File not found: _
2025-09-08 14:22:01.394 | ERROR    | __main__:find_curves:24 - File not found: c
2025-09-08 14:22:01.394 | ERROR    | __main__:find_curves:24 - File not found: l
2025-09-08 14:22:01.394 | ERROR    | __main__:find_curves:24 - File not found: t
2025-09-08 14:22:01.394 | ERROR    | __main__:find_curves:24 - File not found: _
2025-09-08 14:22:01.394 | ERROR    | __main__:find_curves:24 - File not found: d
2025-09-08 14:22:01.394 | ERROR    | __main__:find_curves:24 - File not found: c
2025-09-08 14:22:01.394 | ERROR    | __main__:find_curves:24 - File not found: _
2025-09-08 14:22:01.394 | ERROR    | __main__:find_curves:24 - File not found: 1
2025-09-08 14:22:01.394 | ERROR    | __main__:find_curves:24 - File not found: _
2025-09-08 14:22:01.394 | ERROR    | __main__:find_curves:24 - File not found: p
2025-09-08 14:22:01.394 | ERROR    | __main__:find_curves:24 - File not found: r
2025-09-08 14:22:01.394 | ERROR    | __main__:find_curves:24 - File not found: o
2025-09-08 14:22:01.395 | ERROR    | __main__:find_curves:24 - File not found: c
2025-09-08 14:22:01.395 | ERROR    | __main__:find_curves:24 - File not found: e
2025-09-08 14:22:01.395 | ERROR    | __main__:find_curves:24 - File not found: s
2025-09-08 14:22:01.395 | ERROR    | __main__:find_curves:24 - File not found: s
2025-09-08 14:22:01.395 | ERROR    | __main__:find_curves:24 - File not found: e
2025-09-08 14:22:01.395 | ERROR    | __main__:find_curves:24 - File not found: d
2025-09-08 14:23:15.514 | INFO     | __main__:main:62 - Identifying Clutch Engagement/Disengagement Events...
2025-09-08 14:23:15.514 | INFO     | __main__:main:64 - Source directory set to data/amt_processed.
2025-09-08 14:23:15.514 | INFO     | __main__:main:69 - Dump directory set to data/amt_train_test.
2025-09-08 14:23:15.514 | INFO     | __main__:main:77 - 7 file(s) loaded from data/amt_processed
2025-09-08 14:23:15.529 | INFO     | __main__:main:80 - Test file selected: ['g', '9', '0', 'a', 'm', 't', '_', 'c', 'l', 't', '_', 'd', 'c', '_', '1', '_', 'p', 'r', 'o', 'c', 'e', 's', 's', 'e', 'd', '.', 'c', 's', 'v']
2025-09-08 14:23:15.529 | INFO     | __main__:main:82 - Training files selected: ['g90amt_clt_dc_2_processed.csv', 'g90amt_clt_dc_3_processed.csv', 'g90amt_Clt_Launches_G90_processed.csv', 'g90amt_Launches only_clt_Hosur_Thoppur_processed.csv', 'g90amt_OnRoad_Trials_Hosur_G90_processed.csv', 'g90amt_PwrModeData_processed.csv']
2025-09-08 14:23:15.662 | INFO     | __main__:find_curves:28 - Loaded g90amt_clt_dc_2_processed.csv
2025-09-08 14:23:15.688 | SUCCESS  | __main__:find_curves:57 - Identified 144 engagement events in g90amt_clt_dc_2_processed.csv.
2025-09-08 14:23:15.880 | INFO     | __main__:find_curves:28 - Loaded g90amt_clt_dc_3_processed.csv
2025-09-08 14:23:15.894 | SUCCESS  | __main__:find_curves:57 - Identified 126 engagement events in g90amt_clt_dc_3_processed.csv.
2025-09-08 14:23:16.055 | INFO     | __main__:find_curves:28 - Loaded g90amt_Clt_Launches_G90_processed.csv
2025-09-08 14:23:16.055 | SUCCESS  | __main__:find_curves:57 - Identified 67 engagement events in g90amt_Clt_Launches_G90_processed.csv.
2025-09-08 14:23:16.076 | INFO     | __main__:find_curves:28 - Loaded g90amt_Launches only_clt_Hosur_Thoppur_processed.csv
2025-09-08 14:23:16.076 | WARNING  | __main__:find_curves:31 - File g90amt_Launches only_clt_Hosur_Thoppur_processed.csv does not have Clutch Engagement Data. Skipping.
2025-09-08 14:23:16.272 | INFO     | __main__:find_curves:28 - Loaded g90amt_OnRoad_Trials_Hosur_G90_processed.csv
2025-09-08 14:23:16.272 | WARNING  | __main__:find_curves:31 - File g90amt_OnRoad_Trials_Hosur_G90_processed.csv does not have Clutch Engagement Data. Skipping.
2025-09-08 14:23:16.288 | INFO     | __main__:find_curves:28 - Loaded g90amt_PwrModeData_processed.csv
2025-09-08 14:23:16.288 | WARNING  | __main__:find_curves:31 - File g90amt_PwrModeData_processed.csv does not have Clutch Engagement Data. Skipping.
2025-09-08 14:23:16.306 | ERROR    | __main__:find_curves:24 - File not found: g
2025-09-08 14:23:16.306 | ERROR    | __main__:find_curves:24 - File not found: 9
2025-09-08 14:23:16.306 | ERROR    | __main__:find_curves:24 - File not found: 0
2025-09-08 14:23:16.306 | ERROR    | __main__:find_curves:24 - File not found: a
2025-09-08 14:23:16.306 | ERROR    | __main__:find_curves:24 - File not found: m
2025-09-08 14:23:16.306 | ERROR    | __main__:find_curves:24 - File not found: t
2025-09-08 14:23:16.306 | ERROR    | __main__:find_curves:24 - File not found: _
2025-09-08 14:23:16.306 | ERROR    | __main__:find_curves:24 - File not found: c
2025-09-08 14:23:16.306 | ERROR    | __main__:find_curves:24 - File not found: l
2025-09-08 14:23:16.306 | ERROR    | __main__:find_curves:24 - File not found: t
2025-09-08 14:23:16.306 | ERROR    | __main__:find_curves:24 - File not found: _
2025-09-08 14:23:16.306 | ERROR    | __main__:find_curves:24 - File not found: d
2025-09-08 14:23:16.306 | ERROR    | __main__:find_curves:24 - File not found: c
2025-09-08 14:23:16.306 | ERROR    | __main__:find_curves:24 - File not found: _
2025-09-08 14:23:16.307 | ERROR    | __main__:find_curves:24 - File not found: 1
2025-09-08 14:23:16.307 | ERROR    | __main__:find_curves:24 - File not found: _
2025-09-08 14:23:16.307 | ERROR    | __main__:find_curves:24 - File not found: p
2025-09-08 14:23:16.307 | ERROR    | __main__:find_curves:24 - File not found: r
2025-09-08 14:23:16.307 | ERROR    | __main__:find_curves:24 - File not found: o
2025-09-08 14:23:16.307 | ERROR    | __main__:find_curves:24 - File not found: c
2025-09-08 14:23:16.307 | ERROR    | __main__:find_curves:24 - File not found: e
2025-09-08 14:23:16.307 | ERROR    | __main__:find_curves:24 - File not found: s
2025-09-08 14:23:16.307 | ERROR    | __main__:find_curves:24 - File not found: s
2025-09-08 14:23:16.307 | ERROR    | __main__:find_curves:24 - File not found: e
2025-09-08 14:23:16.307 | ERROR    | __main__:find_curves:24 - File not found: d
2025-09-08 14:24:18.110 | INFO     | __main__:main:64 - Identifying Clutch Engagement/Disengagement Events...
2025-09-08 14:24:18.110 | INFO     | __main__:main:66 - Source directory set to data/amt_processed.
2025-09-08 14:24:18.110 | INFO     | __main__:main:71 - Dump directory set to data/amt_train_test.
2025-09-08 14:24:18.110 | INFO     | __main__:main:79 - 7 file(s) loaded from data/amt_processed
2025-09-08 14:24:18.110 | INFO     | __main__:main:82 - Test file selected: ['g90amt_clt_dc_1_processed.csv']
2025-09-08 14:24:18.110 | INFO     | __main__:main:84 - Training files selected: ['g90amt_clt_dc_2_processed.csv', 'g90amt_clt_dc_3_processed.csv', 'g90amt_Clt_Launches_G90_processed.csv', 'g90amt_Launches only_clt_Hosur_Thoppur_processed.csv', 'g90amt_OnRoad_Trials_Hosur_G90_processed.csv', 'g90amt_PwrModeData_processed.csv']
2025-09-08 14:24:18.255 | INFO     | __main__:find_curves:30 - Loaded g90amt_clt_dc_2_processed.csv
2025-09-08 14:24:18.291 | SUCCESS  | __main__:find_curves:59 - Identified 144 engagement events in g90amt_clt_dc_2_processed.csv.
2025-09-08 14:24:18.457 | INFO     | __main__:find_curves:30 - Loaded g90amt_clt_dc_3_processed.csv
2025-09-08 14:24:18.494 | SUCCESS  | __main__:find_curves:59 - Identified 126 engagement events in g90amt_clt_dc_3_processed.csv.
2025-09-08 14:24:18.641 | INFO     | __main__:find_curves:30 - Loaded g90amt_Clt_Launches_G90_processed.csv
2025-09-08 14:24:18.641 | SUCCESS  | __main__:find_curves:59 - Identified 67 engagement events in g90amt_Clt_Launches_G90_processed.csv.
2025-09-08 14:24:18.666 | INFO     | __main__:find_curves:30 - Loaded g90amt_Launches only_clt_Hosur_Thoppur_processed.csv
2025-09-08 14:24:18.666 | WARNING  | __main__:find_curves:33 - File g90amt_Launches only_clt_Hosur_Thoppur_processed.csv does not have Clutch Engagement Data. Skipping.
2025-09-08 14:24:18.857 | INFO     | __main__:find_curves:30 - Loaded g90amt_OnRoad_Trials_Hosur_G90_processed.csv
2025-09-08 14:24:18.857 | WARNING  | __main__:find_curves:33 - File g90amt_OnRoad_Trials_Hosur_G90_processed.csv does not have Clutch Engagement Data. Skipping.
2025-09-08 14:24:18.885 | INFO     | __main__:find_curves:30 - Loaded g90amt_PwrModeData_processed.csv
2025-09-08 14:24:18.885 | WARNING  | __main__:find_curves:33 - File g90amt_PwrModeData_processed.csv does not have Clutch Engagement Data. Skipping.
2025-09-08 14:24:19.044 | INFO     | __main__:find_curves:30 - Loaded g90amt_clt_dc_1_processed.csv
2025-09-08 14:24:19.062 | SUCCESS  | __main__:find_curves:59 - Identified 134 engagement events in g90amt_clt_dc_1_processed.csv.
2025-09-08 14:24:20.007 | SUCCESS  | __main__:<module>:109 - Engagement Recognition complete.
